<?xml version="1.0" encoding="UTF-8"?>
<!-- Generated by org.testng.reporters.JUnitReportReporter -->
<testsuite skipped="3" hostname="DESKTOP-KH6GACJ" name="com.crm.qa.tests.LoginTest" tests="5" failures="0" timestamp="25 Jul 2018 07:02:46 GMT" time="26.288" errors="0">
  <testcase name="clickonSignup" time="14.134" classname="com.crm.qa.tests.LoginTest"/>
  <testcase name="clickonSignuplink" time="12.154" classname="com.crm.qa.tests.LoginTest"/>
  <testcase name="Testlogin" classname="com.crm.qa.tests.LoginTest">
    <skipped/>
  </testcase> <!-- Testlogin -->
  <testcase name="LoginPageTitleTest" classname="com.crm.qa.tests.LoginTest">
    <skipped/>
  </testcase> <!-- LoginPageTitleTest -->
  <testcase name="LoginPageLogoTest" classname="com.crm.qa.tests.LoginTest">
    <skipped/>
  </testcase> <!-- LoginPageLogoTest -->
</testsuite> <!-- com.crm.qa.tests.LoginTest -->
