<?xml version="1.0" encoding="UTF-8"?>
<!-- Generated by org.testng.reporters.JUnitReportReporter -->
<testsuite skipped="0" hostname="DESKTOP-KH6GACJ" name="com.crm.qa.tests.SignupPageTest" tests="3" failures="0" timestamp="25 Jul 2018 07:05:27 GMT" time="44.284" errors="0">
  <testcase name="verifyPageTitle" time="12.068" classname="com.crm.qa.tests.SignupPageTest"/>
  <testcase name="fillform" time="16.650" classname="com.crm.qa.tests.SignupPageTest"/>
  <testcase name="clickontermsandconditions" time="15.566" classname="com.crm.qa.tests.SignupPageTest"/>
</testsuite> <!-- com.crm.qa.tests.SignupPageTest -->
