<?xml version="1.0" encoding="UTF-8"?>
<!-- Generated by org.testng.reporters.JUnitReportReporter -->
<testsuite skipped="3" hostname="DESKTOP-KH6GACJ" name="com.crm.qa.tests.HomePageTest" tests="5" failures="0" timestamp="24 Jul 2018 12:08:17 GMT" time="39.286" errors="0">
  <testcase name="verifyhomepagetitle" time="16.982" classname="com.crm.qa.tests.HomePageTest"/>
  <testcase name="clickonLogout" time="22.304" classname="com.crm.qa.tests.HomePageTest"/>
  <testcase name="verifyusername" classname="com.crm.qa.tests.HomePageTest">
    <skipped/>
  </testcase> <!-- verifyusername -->
  <testcase name="clickonNewContactslink" classname="com.crm.qa.tests.HomePageTest">
    <skipped/>
  </testcase> <!-- clickonNewContactslink -->
  <testcase name="clickonContactsLink" classname="com.crm.qa.tests.HomePageTest">
    <skipped/>
  </testcase> <!-- clickonContactsLink -->
</testsuite> <!-- com.crm.qa.tests.HomePageTest -->
