<?xml version="1.0" encoding="UTF-8"?>
<!-- Generated by org.testng.reporters.JUnitReportReporter -->
<testsuite skipped="3" hostname="DESKTOP-KH6GACJ" name="com.crm.qa.tests.HomePageTest" tests="4" failures="0" timestamp="25 Jul 2018 13:08:46 GMT" time="19.758" errors="0">
  <testcase name="verifyhomepagetitle" time="19.758" classname="com.crm.qa.tests.HomePageTest"/>
  <testcase name="verifyusername" classname="com.crm.qa.tests.HomePageTest">
    <skipped/>
  </testcase> <!-- verifyusername -->
  <testcase name="clickonNewContactslink" classname="com.crm.qa.tests.HomePageTest">
    <skipped/>
  </testcase> <!-- clickonNewContactslink -->
  <testcase name="clickonContactsLink" classname="com.crm.qa.tests.HomePageTest">
    <skipped/>
  </testcase> <!-- clickonContactsLink -->
</testsuite> <!-- com.crm.qa.tests.HomePageTest -->
