<?xml version="1.0" encoding="UTF-8"?>
<!-- Generated by org.testng.reporters.JUnitReportReporter -->
<testsuite skipped="0" hostname="DESKTOP-KH6GACJ" name="com.crm.qa.tests.SignupPageTest" tests="1" failures="0" timestamp="25 Jul 2018 13:08:46 GMT" time="12.112" errors="0">
  <testcase name="verifyPageTitle" time="12.112" classname="com.crm.qa.tests.SignupPageTest"/>
</testsuite> <!-- com.crm.qa.tests.SignupPageTest -->
